<?xml version="1.0" encoding="UTF-8"?>
<testng-results ignored="0" total="1" passed="1" failed="0" skipped="0">
  <reporter-output>
  </reporter-output>
  <suite started-at="2026-01-06T23:48:59 IST" name="Default suite" finished-at="2026-01-06T23:50:00 IST" duration-ms="61079">
    <groups>
    </groups>
    <test started-at="2026-01-06T23:48:59 IST" name="Default test" finished-at="2026-01-06T23:50:00 IST" duration-ms="61079">
      <class name="TestCases.TestData">
        <test-method is-config="true" signature="setup()[pri:0, instance:TestCases.TestData@273e7444]" started-at="2026-01-06T23:48:59 IST" name="setup" finished-at="2026-01-06T23:49:10 IST" duration-ms="10754" status="PASS">
          <reporter-output>
          </reporter-output>
        </test-method> <!-- setup -->
        <test-method signature="runCompleteFlow()[pri:0, instance:TestCases.TestData@273e7444]" started-at="2026-01-06T23:49:10 IST" name="runCompleteFlow" finished-at="2026-01-06T23:49:59 IST" duration-ms="49081" status="PASS">
          <reporter-output>
          </reporter-output>
        </test-method> <!-- runCompleteFlow -->
        <test-method is-config="true" signature="flushReport()[pri:0, instance:TestCases.TestData@273e7444]" started-at="2026-01-06T23:49:59 IST" name="flushReport" finished-at="2026-01-06T23:50:00 IST" duration-ms="1190" status="PASS">
          <reporter-output>
          </reporter-output>
        </test-method> <!-- flushReport -->
      </class> <!-- TestCases.TestData -->
    </test> <!-- Default test -->
  </suite> <!-- Default suite -->
</testng-results>
