<?xml version="1.0" encoding="UTF-8"?>
<testng-results ignored="0" total="1" passed="1" failed="0" skipped="0">
  <reporter-output>
  </reporter-output>
  <suite started-at="2026-01-16T00:05:16 IST" name="Default suite" finished-at="2026-01-16T00:06:08 IST" duration-ms="51199">
    <groups>
    </groups>
    <test started-at="2026-01-16T00:05:16 IST" name="Default test" finished-at="2026-01-16T00:06:08 IST" duration-ms="51199">
      <class name="TestCases.TestData">
        <test-method is-config="true" signature="setup()[pri:0, instance:TestCases.TestData@53aac487]" started-at="2026-01-16T00:05:16 IST" name="setup" finished-at="2026-01-16T00:05:22 IST" duration-ms="5746" status="PASS">
          <reporter-output>
          </reporter-output>
        </test-method> <!-- setup -->
        <test-method signature="runCompleteFlow()[pri:0, instance:TestCases.TestData@53aac487]" started-at="2026-01-16T00:05:22 IST" name="runCompleteFlow" finished-at="2026-01-16T00:06:06 IST" duration-ms="44105" status="PASS">
          <reporter-output>
          </reporter-output>
        </test-method> <!-- runCompleteFlow -->
        <test-method is-config="true" signature="flushReport()[pri:0, instance:TestCases.TestData@53aac487]" started-at="2026-01-16T00:06:06 IST" name="flushReport" finished-at="2026-01-16T00:06:08 IST" duration-ms="1273" status="PASS">
          <reporter-output>
          </reporter-output>
        </test-method> <!-- flushReport -->
      </class> <!-- TestCases.TestData -->
    </test> <!-- Default test -->
  </suite> <!-- Default suite -->
</testng-results>
